drmohan/changebuild/razorpay_flutter/outputs/logs/manifest-merger-debug-report.txt
-- Merging decision tree log ---
manifest
ADDED from src\main\AndroidManifest.xml:1:1-15:12
INJECTED from src\main\AndroidManifest.xml:1:1-15:12
INJECTED from src\main\AndroidManifest.xml:1:1-15:12
	package
		ADDED from src\main\AndroidManifest.xml:2:3-42
		INJECTED from src\main\AndroidManifest.xml
		INJECTED from src\main\AndroidManifest.xml
	xmlns:android
		ADDED from src\main\AndroidManifest.xml:1:11-69
application
ADDED from src\main\AndroidManifest.xml:3:5-14:19
activity#com.razorpay.CheckoutActivity
ADDED from src\main\AndroidManifest.xml:4:9-8:20
	android:label
		ADDED from src\main\AndroidManifest.xml:7:17-50
	android:exported
		ADDED from src\main\AndroidManifest.xml:5:17-41
	android:name
		ADDED from src\main\AndroidManifest.xml:6:17-61
receiver#com.razorpay.RzpTokenReceiver
ADDED from src\main\AndroidManifest.xml:9:9-13:20
	android:exported
		ADDED from src\main\AndroidManifest.xml:9:64-88
	android:name
		ADDED from src\main\AndroidManifest.xml:9:19-63
intent-filter#action:name:rzp.device_token.share
ADDED from src\main\AndroidManifest.xml:10:13-12:29
action#rzp.device_token.share
ADDED from src\main\AndroidManifest.xml:11:17-65
	android:name
		ADDED from src\main\AndroidManifest.xml:11:25-62
uses-sdk
INJECTED from src\main\AndroidManifest.xml reason: use-sdk injection requested
INJECTED from src\main\AndroidManifest.xml
INJECTED from src\main\AndroidManifest.xml
	android:minSdkVersion
		INJECTED from src\main\AndroidManifest.xml
		ADDED from src\main\AndroidManifest.xml
		INJECTED from src\main\AndroidManifest.xml